<?xml version="1.0" encoding="UTF-8"?>
<testng-results ignored="0" total="4" passed="4" failed="0" skipped="0">
  <reporter-output>
  </reporter-output>
  <suite started-at="2020-12-13T23:24:40 IST" name="Default suite" finished-at="2020-12-13T23:25:17 IST" duration-ms="37025">
    <groups>
    </groups>
    <test started-at="2020-12-13T23:24:40 IST" name="Default test" finished-at="2020-12-13T23:25:17 IST" duration-ms="37025">
      <class name="Assertions.PrioritySet">
        <test-method signature="testcase1()[pri:0, instance:Assertions.PrioritySet@3541cb24]" started-at="2020-12-13T23:24:40 IST" name="testcase1" finished-at="2020-12-13T23:25:17 IST" duration-ms="36979" status="PASS">
          <reporter-output>
          </reporter-output>
        </test-method> <!-- testcase1 -->
        <test-method signature="testcase2()[pri:1, instance:Assertions.PrioritySet@3541cb24]" started-at="2020-12-13T23:25:17 IST" name="testcase2" finished-at="2020-12-13T23:25:17 IST" duration-ms="1" status="PASS">
          <reporter-output>
          </reporter-output>
        </test-method> <!-- testcase2 -->
        <test-method signature="testcase3()[pri:2, instance:Assertions.PrioritySet@3541cb24]" started-at="2020-12-13T23:25:17 IST" name="testcase3" finished-at="2020-12-13T23:25:17 IST" duration-ms="2" status="PASS">
          <reporter-output>
          </reporter-output>
        </test-method> <!-- testcase3 -->
        <test-method signature="testcase4()[pri:3, instance:Assertions.PrioritySet@3541cb24]" started-at="2020-12-13T23:25:17 IST" name="testcase4" finished-at="2020-12-13T23:25:17 IST" duration-ms="1" status="PASS">
          <reporter-output>
          </reporter-output>
        </test-method> <!-- testcase4 -->
      </class> <!-- Assertions.PrioritySet -->
    </test> <!-- Default test -->
  </suite> <!-- Default suite -->
</testng-results>
