<?xml version="1.0" encoding="UTF-8"?>
<testng-results ignored="0" total="4" passed="4" failed="0" skipped="0">
  <reporter-output>
  </reporter-output>
  <suite started-at="2020-12-12T00:15:52 IST" name="Default suite" finished-at="2020-12-12T00:15:52 IST" duration-ms="113">
    <groups>
    </groups>
    <test started-at="2020-12-12T00:15:52 IST" name="Default test" finished-at="2020-12-12T00:15:52 IST" duration-ms="113">
      <class name="PrioritySet">
        <test-method signature="testcase4()[pri:0, instance:PrioritySet@306cf3ea]" started-at="2020-12-12T00:15:52 IST" name="testcase4" finished-at="2020-12-12T00:15:52 IST" duration-ms="16" status="PASS">
          <reporter-output>
          </reporter-output>
        </test-method> <!-- testcase4 -->
        <test-method signature="testcase1()[pri:1, instance:PrioritySet@306cf3ea]" started-at="2020-12-12T00:15:52 IST" name="testcase1" finished-at="2020-12-12T00:15:52 IST" duration-ms="2" status="PASS">
          <reporter-output>
          </reporter-output>
        </test-method> <!-- testcase1 -->
        <test-method signature="testcase3()[pri:2, instance:PrioritySet@306cf3ea]" started-at="2020-12-12T00:15:52 IST" name="testcase3" finished-at="2020-12-12T00:15:52 IST" duration-ms="3" status="PASS">
          <reporter-output>
          </reporter-output>
        </test-method> <!-- testcase3 -->
        <test-method signature="testcase2()[pri:3, instance:PrioritySet@306cf3ea]" started-at="2020-12-12T00:15:52 IST" name="testcase2" finished-at="2020-12-12T00:15:52 IST" duration-ms="3" status="PASS">
          <reporter-output>
          </reporter-output>
        </test-method> <!-- testcase2 -->
      </class> <!-- PrioritySet -->
    </test> <!-- Default test -->
  </suite> <!-- Default suite -->
</testng-results>
