<?xml version="1.0" encoding="UTF-8"?>
<!-- Generated by org.testng.reporters.JUnitXMLReporter -->
<testsuite ignored="0" hostname="IN-5CG0251N5L" failures="0" tests="4" name="Default test" time="37.025" errors="0" timestamp="2020-12-13T23:25:17 IST">
  <testcase classname="Assertions.PrioritySet" name="testcase1" time="36.979"/>
  <testcase classname="Assertions.PrioritySet" name="testcase2" time="0.001"/>
  <testcase classname="Assertions.PrioritySet" name="testcase3" time="0.002"/>
  <testcase classname="Assertions.PrioritySet" name="testcase4" time="0.001"/>
</testsuite> <!-- Default test -->
