<?xml version="1.0" encoding="UTF-8"?>
<!-- Generated by org.testng.reporters.JUnitXMLReporter -->
<testsuite ignored="0" hostname="IN-5CG0251N5L" failures="0" tests="4" name="Default test" time="0.113" errors="0" timestamp="2020-12-12T00:15:52 IST">
  <testcase classname="PrioritySet" name="testcase4" time="0.016"/>
  <testcase classname="PrioritySet" name="testcase1" time="0.002"/>
  <testcase classname="PrioritySet" name="testcase3" time="0.003"/>
  <testcase classname="PrioritySet" name="testcase2" time="0.003"/>
</testsuite> <!-- Default test -->
